Loading db file '/synopsys/GPDK/SAED_EDK90nm/Digital_Standard_cell_Library/synopsys/models/saed90nm_max.db'
Information: Updating design information... (UID-85)
Information: Propagating switching activity (low effort zero delay simulation). (PWR-6)
Warning: Design has unannotated primary inputs. (PWR-414)
Warning: Design has unannotated sequential cell outputs. (PWR-415)
 
****************************************
Report : power
        -analysis_effort low
Design : c17
Version: S-2021.06-SP5-4
Date   : Sun May 26 12:51:31 2024
****************************************


Library(s) Used:

    saed90nm_max (File: /synopsys/GPDK/SAED_EDK90nm/Digital_Standard_cell_Library/synopsys/models/saed90nm_max.db)


Operating Conditions: WORST   Library: saed90nm_max
Wire Load Model Mode: enclosed

Design        Wire Load Model            Library
------------------------------------------------
c17                    8000              saed90nm_max


Global Operating Voltage = 0.7  
Power-specific unit information :
    Voltage Units = 1V
    Capacitance Units = 1.000000ff
    Time Units = 1ns
    Dynamic Power Units = 1uW    (derived from V,C,T units)
    Leakage Power Units = 1pW


  Cell Internal Power  =   2.9613 uW   (96%)
  Net Switching Power  = 118.5171 nW    (4%)
                         ---------
Total Dynamic Power    =   3.0799 uW  (100%)

Cell Leakage Power     = 930.2917 nW


                 Internal         Switching           Leakage            Total
Power Group      Power            Power               Power              Power   (   %    )  Attrs
--------------------------------------------------------------------------------------------------
io_pad             0.0000            0.0000            0.0000            0.0000  (   0.00%)
memory             0.0000            0.0000            0.0000            0.0000  (   0.00%)
black_box          0.0000            0.0000            0.0000            0.0000  (   0.00%)
clock_network      0.0000            0.0000            0.0000            0.0000  (   0.00%)
register           2.8880        6.3649e-02        8.3140e+05            3.7830  (  94.34%)
sequential         0.0000            0.0000            0.0000            0.0000  (   0.00%)
combinational  7.3345e-02        5.4868e-02        9.8893e+04            0.2271  (   5.66%)
--------------------------------------------------------------------------------------------------
Total              2.9613 uW         0.1185 uW     9.3029e+05 pW         4.0101 uW
1
